{
  "RSpec": {
    "coverage": {
      "/Users/jordygarcia/Documents/RubyOnRails/rails_tax_kata_advanced/app/models/basket.rb": {
        "lines": [
          1,
          1,
          1,
          null,
          1,
          null,
          1,
          null,
          1,
          5,
          null,
          null,
          1,
          6,
          null,
          null
        ]
      },
      "/Users/jordygarcia/Documents/RubyOnRails/rails_tax_kata_advanced/app/models/line_item.rb": {
        "lines": [
          1,
          1,
          1,
          null,
          1,
          null,
          1,
          60,
          null,
          null,
          1,
          16,
          null,
          null,
          1,
          124,
          80,
          58,
          63,
          null,
          null
        ]
      },
      "/Users/jordygarcia/Documents/RubyOnRails/rails_tax_kata_advanced/app/controllers/baskets_controller.rb": {
        "lines": [
          1,
          1,
          1,
          null,
          1,
          2,
          null,
          null,
          1,
          4,
          4,
          null,
          null,
          1,
          null,
          1,
          3,
          3,
          3,
          null,
          null
        ]
      },
      "/Users/jordygarcia/Documents/RubyOnRails/rails_tax_kata_advanced/app/controllers/application_controller.rb": {
        "lines": [
          1,
          null
        ]
      },
      "/Users/jordygarcia/Documents/RubyOnRails/rails_tax_kata_advanced/app/controllers/static_pages_controller.rb": {
        "lines": [
          1,
          1,
          null
        ]
      }
    },
    "timestamp": 1627454020
  }
}
